0 info it worked if it ends with ok
1 verbose cli [ '/home/ttnd/.nvm/versions/node/v6.3.1/bin/node',
1 verbose cli   '/home/ttnd/.nvm/versions/node/v6.3.1/bin/npm',
1 verbose cli   'run',
1 verbose cli   'build' ]
2 info using npm@3.10.3
3 info using node@v6.3.1
4 verbose run-script [ 'prebuild', 'build', 'postbuild' ]
5 info lifecycle node-seed@0.0.0~prebuild: node-seed@0.0.0
6 silly lifecycle node-seed@0.0.0~prebuild: no script for prebuild, continuing
7 info lifecycle node-seed@0.0.0~build: node-seed@0.0.0
8 verbose lifecycle node-seed@0.0.0~build: unsafe-perm in lifecycle true
9 verbose lifecycle node-seed@0.0.0~build: PATH: /home/ttnd/.nvm/versions/node/v6.3.1/lib/node_modules/npm/bin/node-gyp-bin:/home/ttnd/Desktop/node-new-backend/server/node_modules/.bin:/home/ttnd/.nvm/versions/node/v6.3.1/bin:/home/ttnd/.nvm/versions/node/v6.3.1/bin:/home/ttnd/bin:/home/ttnd/.local/bin:/usr/local/sbin:/usr/local/bin:/usr/sbin:/usr/bin:/sbin:/bin:/usr/games:/usr/local/games:/snap/bin
10 verbose lifecycle node-seed@0.0.0~build: CWD: /home/ttnd/Desktop/node-new-backend/server
11 silly lifecycle node-seed@0.0.0~build: Args: [ '-c', 'babel server -d build' ]
12 silly lifecycle node-seed@0.0.0~build: Returned: code: 2  signal: null
13 info lifecycle node-seed@0.0.0~build: Failed to exec build script
14 verbose stack Error: node-seed@0.0.0 build: `babel server -d build`
14 verbose stack Exit status 2
14 verbose stack     at EventEmitter.<anonymous> (/home/ttnd/.nvm/versions/node/v6.3.1/lib/node_modules/npm/lib/utils/lifecycle.js:242:16)
14 verbose stack     at emitTwo (events.js:106:13)
14 verbose stack     at EventEmitter.emit (events.js:191:7)
14 verbose stack     at ChildProcess.<anonymous> (/home/ttnd/.nvm/versions/node/v6.3.1/lib/node_modules/npm/lib/utils/spawn.js:40:14)
14 verbose stack     at emitTwo (events.js:106:13)
14 verbose stack     at ChildProcess.emit (events.js:191:7)
14 verbose stack     at maybeClose (internal/child_process.js:852:16)
14 verbose stack     at Process.ChildProcess._handle.onexit (internal/child_process.js:215:5)
15 verbose pkgid node-seed@0.0.0
16 verbose cwd /home/ttnd/Desktop/node-new-backend/server
17 error Linux 4.4.0-34-generic
18 error argv "/home/ttnd/.nvm/versions/node/v6.3.1/bin/node" "/home/ttnd/.nvm/versions/node/v6.3.1/bin/npm" "run" "build"
19 error node v6.3.1
20 error npm  v3.10.3
21 error code ELIFECYCLE
22 error node-seed@0.0.0 build: `babel server -d build`
22 error Exit status 2
23 error Failed at the node-seed@0.0.0 build script 'babel server -d build'.
23 error Make sure you have the latest version of node.js and npm installed.
23 error If you do, this is most likely a problem with the node-seed package,
23 error not with npm itself.
23 error Tell the author that this fails on your system:
23 error     babel server -d build
23 error You can get information on how to open an issue for this project with:
23 error     npm bugs node-seed
23 error Or if that isn't available, you can get their info via:
23 error     npm owner ls node-seed
23 error There is likely additional logging output above.
24 verbose exit [ 1, true ]
